[2023-12-02 22:43:27,911: INFO: 3008815341: allelectrons_Total outliers are values < -121.0 or > 320.0]
[2023-12-02 22:43:27,934: INFO: 3008815341: atomicweight_ionenergy_Ratio outliers are values < -6.2820975950694535 or > 12.620787022963274]
[2023-12-02 22:43:27,956: INFO: 3008815341: normalized_density outliers are values < -0.1617694136215771 or > 0.3980561817681934]
[2023-12-02 22:43:27,978: INFO: 3008815341: el_neg_chi_R_vdw_Ratio outliers are values < 0.6513176821408269 or > 2.4307940750591133]
[2023-12-02 22:43:27,998: INFO: 3008815341: electrons_per_atomicweight outliers are values < 0.3118250475907237 or > 0.6314896367393831]
[2023-12-02 22:43:28,087: INFO: 3008815341: specific_electron_count outliers are values < -6.89727698156033 or > 13.794117634165577]
[2023-12-02 22:44:36,870: INFO: 3008815341: allelectrons_Total outliers are values < -121.0 or > 320.0]
[2023-12-02 22:44:36,893: INFO: 3008815341: atomicweight_ionenergy_Ratio outliers are values < -6.2820975950694535 or > 12.620787022963274]
[2023-12-02 22:44:36,915: INFO: 3008815341: normalized_density outliers are values < -0.1617694136215771 or > 0.3980561817681934]
[2023-12-02 22:44:36,939: INFO: 3008815341: el_neg_chi_R_vdw_Ratio outliers are values < 0.6513176821408269 or > 2.4307940750591133]
[2023-12-02 22:44:36,970: INFO: 3008815341: electrons_per_atomicweight outliers are values < 0.3118250475907237 or > 0.6314896367393831]
[2023-12-02 22:44:37,022: INFO: 3008815341: specific_electron_count outliers are values < -6.89727698156033 or > 13.794117634165577]
[2023-12-02 22:50:53,473: ERROR: 4027018795: Data preprocessing failed with the following error: "['id', 'Hardness'] not in index"]
[2023-12-02 22:53:23,479: ERROR: 4027018795: Data preprocessing failed with the following error: "['id', 'Hardness'] not in index"]
[2023-12-02 22:53:45,778: ERROR: 4027018795: Data preprocessing failed with the following error: "['id', 'Hardness'] not in index"]
[2023-12-02 22:54:32,021: ERROR: 4027018795: Data preprocessing failed with the following error: "['id', 'Hardness'] not in index"]
[2023-12-02 22:55:18,223: ERROR: 4027018795: Data preprocessing failed with the following error: "['id', 'Hardness'] not in index"]
[2023-12-02 23:24:11,687: ERROR: 2070373076: Data preprocessing failed with the following error: "['Hardness'] not found in axis"]
[2023-12-02 23:25:01,571: ERROR: 2070373076: Data preprocessing failed with the following error: "['Hardness'] not found in axis"]
[2023-12-02 23:25:37,764: ERROR: 3631235334: Data splitting failed with the following error: Found input variables with inconsistent numbers of samples: [9531, 10407]]
[2023-12-02 23:26:32,782: ERROR: 3631235334: Data splitting failed with the following error: Found input variables with inconsistent numbers of samples: [9531, 10407]]
[2023-12-02 23:28:41,599: ERROR: 3631235334: Data splitting failed with the following error: Found input variables with inconsistent numbers of samples: [9531, 10407]]
